<?xml version="1.0" encoding="UTF-8"?>
<!-- Generated by org.testng.reporters.JUnitReportReporter -->
<testsuite skipped="0" hostname="lathabp-ThinkPad-L470-W10DG" name="com.project.logintest.SearchTest" tests="1" failures="0" timestamp="11 Dec 2019 11:09:07 GMT" time="26.858" errors="0">
  <testcase name="serchProduct" time="26.858" classname="com.project.logintest.SearchTest"/>
</testsuite> <!-- com.project.logintest.SearchTest -->
